<?xml version="1.0" encoding="UTF-8"?>
<testsuite name="com.thoughtworks.onlinebookstore.CustomerIdByemailTest" tests="4" skipped="0" failures="0" errors="0" timestamp="2020-01-26T13:19:48" hostname="admin1-desktop" time="1.052">
  <properties/>
  <testcase name="givenApiUnderExecution_WhenEnteredAbsentEmailid_ShouldReturnErrorMessage" classname="com.thoughtworks.onlinebookstore.CustomerIdByemailTest" time="0.915"/>
  <testcase name="givenApiUnderExecution_WhenEnteredInvalidEmailid_ShouldGiveErrorMessage" classname="com.thoughtworks.onlinebookstore.CustomerIdByemailTest" time="0.034"/>
  <testcase name="givenApiUnderExecution_WhenEmailiIdFieldIsEmpty_ShouldReturnErrormessage" classname="com.thoughtworks.onlinebookstore.CustomerIdByemailTest" time="0.047"/>
  <testcase name="givenApiUnderExecution_WhenEnteredEmailid_ShouldReturnCustomerId" classname="com.thoughtworks.onlinebookstore.CustomerIdByemailTest" time="0.055"/>
  <system-out><![CDATA[{
    "timestamp": "2020-01-26T13:23:53.552+0000",
    "status": 500,
    "error": "Internal Server Error",
    "message": "something went wrong ->No such Customer exits",
    "path": "/book/id/hemil%40gmail.com"
}
{
    "timestamp": "2020-01-26T13:23:53.665+0000",
    "status": 500,
    "error": "Internal Server Error",
    "message": "something went wrong ->No such Customer exits",
    "path": "/book/id/hemilturakhia..%21%402%40gmail.com"
}
{
    "timestamp": "2020-01-26T13:23:53.714+0000",
    "status": 404,
    "error": "Not Found",
    "message": "No message available",
    "path": "/book/id/"
}

]]></system-out>
  <system-err><![CDATA[Unexpected token END OF FILE at position 0.
	at org.json.simple.parser.JSONParser.parse(Unknown Source)
	at org.json.simple.parser.JSONParser.parse(Unknown Source)
	at org.json.simple.parser.JSONParser.parse(Unknown Source)
	at com.thoughtworks.onlinebookstore.CustomerIdByemailTest.givenApiUnderExecution_WhenEnteredEmailid_ShouldReturnCustomerId(CustomerIdByemailTest.java:23)
	at sun.reflect.NativeMethodAccessorImpl.invoke0(Native Method)
	at sun.reflect.NativeMethodAccessorImpl.invoke(NativeMethodAccessorImpl.java:62)
	at sun.reflect.DelegatingMethodAccessorImpl.invoke(DelegatingMethodAccessorImpl.java:43)
	at java.lang.reflect.Method.invoke(Method.java:498)
	at org.junit.runners.model.FrameworkMethod$1.runReflectiveCall(FrameworkMethod.java:50)
	at org.junit.internal.runners.model.ReflectiveCallable.run(ReflectiveCallable.java:12)
	at org.junit.runners.model.FrameworkMethod.invokeExplosively(FrameworkMethod.java:47)
	at org.junit.internal.runners.statements.InvokeMethod.evaluate(InvokeMethod.java:17)
	at org.junit.internal.runners.statements.RunBefores.evaluate(RunBefores.java:26)
	at org.junit.runners.ParentRunner.runLeaf(ParentRunner.java:325)
	at org.junit.runners.BlockJUnit4ClassRunner.runChild(BlockJUnit4ClassRunner.java:78)
	at org.junit.runners.BlockJUnit4ClassRunner.runChild(BlockJUnit4ClassRunner.java:57)
	at org.junit.runners.ParentRunner$3.run(ParentRunner.java:290)
	at org.junit.runners.ParentRunner$1.schedule(ParentRunner.java:71)
	at org.junit.runners.ParentRunner.runChildren(ParentRunner.java:288)
	at org.junit.runners.ParentRunner.access$000(ParentRunner.java:58)
	at org.junit.runners.ParentRunner$2.evaluate(ParentRunner.java:268)
	at org.junit.runners.ParentRunner.run(ParentRunner.java:363)
	at org.gradle.api.internal.tasks.testing.junit.JUnitTestClassExecutor.runTestClass(JUnitTestClassExecutor.java:110)
	at org.gradle.api.internal.tasks.testing.junit.JUnitTestClassExecutor.execute(JUnitTestClassExecutor.java:58)
	at org.gradle.api.internal.tasks.testing.junit.JUnitTestClassExecutor.execute(JUnitTestClassExecutor.java:38)
	at org.gradle.api.internal.tasks.testing.junit.AbstractJUnitTestClassProcessor.processTestClass(AbstractJUnitTestClassProcessor.java:62)
	at org.gradle.api.internal.tasks.testing.SuiteTestClassProcessor.processTestClass(SuiteTestClassProcessor.java:51)
	at sun.reflect.NativeMethodAccessorImpl.invoke0(Native Method)
	at sun.reflect.NativeMethodAccessorImpl.invoke(NativeMethodAccessorImpl.java:62)
	at sun.reflect.DelegatingMethodAccessorImpl.invoke(DelegatingMethodAccessorImpl.java:43)
	at java.lang.reflect.Method.invoke(Method.java:498)
	at org.gradle.internal.dispatch.ReflectionDispatch.dispatch(ReflectionDispatch.java:35)
	at org.gradle.internal.dispatch.ReflectionDispatch.dispatch(ReflectionDispatch.java:24)
	at org.gradle.internal.dispatch.ContextClassLoaderDispatch.dispatch(ContextClassLoaderDispatch.java:32)
	at org.gradle.internal.dispatch.ProxyDispatchAdapter$DispatchingInvocationHandler.invoke(ProxyDispatchAdapter.java:93)
	at com.sun.proxy.$Proxy2.processTestClass(Unknown Source)
	at org.gradle.api.internal.tasks.testing.worker.TestWorker.processTestClass(TestWorker.java:118)
	at sun.reflect.NativeMethodAccessorImpl.invoke0(Native Method)
	at sun.reflect.NativeMethodAccessorImpl.invoke(NativeMethodAccessorImpl.java:62)
	at sun.reflect.DelegatingMethodAccessorImpl.invoke(DelegatingMethodAccessorImpl.java:43)
	at java.lang.reflect.Method.invoke(Method.java:498)
	at org.gradle.internal.dispatch.ReflectionDispatch.dispatch(ReflectionDispatch.java:35)
	at org.gradle.internal.dispatch.ReflectionDispatch.dispatch(ReflectionDispatch.java:24)
	at org.gradle.internal.remote.internal.hub.MessageHubBackedObjectConnection$DispatchWrapper.dispatch(MessageHubBackedObjectConnection.java:175)
	at org.gradle.internal.remote.internal.hub.MessageHubBackedObjectConnection$DispatchWrapper.dispatch(MessageHubBackedObjectConnection.java:157)
	at org.gradle.internal.remote.internal.hub.MessageHub$Handler.run(MessageHub.java:404)
	at org.gradle.internal.concurrent.ExecutorPolicy$CatchAndRecordFailures.onExecute(ExecutorPolicy.java:63)
	at org.gradle.internal.concurrent.ManagedExecutorImpl$1.run(ManagedExecutorImpl.java:46)
	at java.util.concurrent.ThreadPoolExecutor.runWorker(ThreadPoolExecutor.java:1149)
	at java.util.concurrent.ThreadPoolExecutor$Worker.run(ThreadPoolExecutor.java:624)
	at org.gradle.internal.concurrent.ThreadFactoryImpl$ManagedThreadRunnable.run(ThreadFactoryImpl.java:55)
	at java.lang.Thread.run(Thread.java:748)
]]></system-err>
</testsuite>
