<?xml version="1.0" encoding="UTF-8"?>
<testsuite name="com.thoughtworks.onlinebookstore.SearchBookTest" tests="1" skipped="0" failures="0" errors="0" timestamp="2020-01-24T12:47:21" hostname="admin-LIVA-Z2V" time="2.838">
  <properties/>
  <testcase name="givenGetBookByNameApi_WhenHitApiWithProperBookName_ShouldReturnBookDetails" classname="com.thoughtworks.onlinebookstore.SearchBookTest" time="2.838"/>
  <system-out><![CDATA[[
    {
        "bookId": 3,
        "bookName": "Angels And Demons",
        "authorName": "Dan Brown",
        "price": 218.0,
        "image": "http://books.google.com/books/content?id=d5xgYw4Ts0gC&printsec=frontcover&img=1&zoom=5",
        "description": "*INCLUDES A SNEAK PREVIEW OF ORIGIN\tTHE NEW THRILLER BY DAN BROWN: OUT 3RD OCTOBER. PRE-ORDER TODAY* --------------------------------------------------------------------------------------------------- CERN Institute\tSwitzerland: a world-renowned scientist is found brutally murdered with a mysterious symbol seared onto his chest. The Vatican\tRome: the College of Cardinals assembles to elect a new pope. Somewhere beneath them\tan unstoppable bomb of terrifying power relentlessly counts down to oblivion. In a breathtaking race against time\tHarvard professor Robert Langdon must decipher a labyrinthine trail of ancient symbols if he is to defeat those responsible - the Illuminati\ta secret brotherhood presumed extinct for nearly four hundred years\treborn to continue their deadly vendetta against their most hated enemy\tthe Catholic Church.\t\t\t\t\t\t\t\t\t\t\t\t\t\t\t\t\t\t\t\t\t\t\t\t\t",
        "quantity": 10
    },
    {
        "bookId": 4,
        "bookName": "Angels & Demons - Movie Tie-In",
        "authorName": "Dan Brown",
        "price": 462.0,
        "image": "http://books.google.com/books/content?id=GXznEnKwTdAC&printsec=frontcover&img=1&zoom=5",
        "description": "The murder of a world-famous physicist raises fear that the Illuminati are operating again after centuries of silence\tand religion professor Robert Langdon is called in to assist with the case. By the author of Digital Fortress. Reprint.\t\t\t\t\t\t\t\t\t\t\t\t\t\t\t\t\t\t\t\t\t\t\t\t\t\t\t\t\t\t\t\t",
        "quantity": 10
    },
    {
        "bookId": 11,
        "bookName": "Angels And Demons",
        "authorName": "Dan Brown",
        "price": 612.0,
        "image": "http://books.google.com/books/content?id=d5xgYw4Ts0gC&printsec=frontcover&img=1&zoom=5",
        "description": "*INCLUDES A SNEAK PREVIEW OF ORIGIN\tTHE NEW THRILLER BY DAN BROWN: OUT 3RD OCTOBER. PRE-ORDER TODAY* --------------------------------------------------------------------------------------------------- CERN Institute\tSwitzerland: a world-renowned scientist is found brutally murdered with a mysterious symbol seared onto his chest. The Vatican\tRome: the College of Cardinals assembles to elect a new pope. Somewhere beneath them\tan unstoppable bomb of terrifying power relentlessly counts down to oblivion. In a breathtaking race against time\tHarvard professor Robert Langdon must decipher a labyrinthine trail of ancient symbols if he is to defeat those responsible - the Illuminati\ta secret brotherhood presumed extinct for nearly four hundred years\treborn to continue their deadly vendetta against their most hated enemy\tthe Catholic Church.\t\t\t\t\t\t\t\t\t\t\t\t\t\t\t\t\t\t\t\t\t\t\t\t\t",
        "quantity": 10
    }
]
]]></system-out>
  <system-err><![CDATA[]]></system-err>
</testsuite>
